2018-05-15 15:09:30 [scrapy] DEBUG: Crawled (200) <GET http://example.com> (referer: None)
2018-05-15 15:09:30 [scrapy] DEBUG: Crawled (200) <POST https://englandhandball.azolve.com/Account.mvc/SecureWebLogIn> (referer: http://example.com)
2018-05-15 15:09:30 [scrapy] DEBUG: Crawled (200) <POST https://englandhandball.azolve.com/WidgetService.mvc/ExecuteWidgetCommand> (referer: https://englandhandball.azolve.com/Account.mvc/SecureWebLogIn)
2018-05-15 15:09:30 [scrapy] ERROR: Spider must return Request, BaseItem, dict or None, got 'str' in <POST https://englandhandball.azolve.com/WidgetService.mvc/ExecuteWidgetCommand>
2018-05-15 15:09:30 [scrapy] INFO: Closing spider (finished)
2018-05-15 15:09:30 [scrapy] INFO: Dumping Scrapy stats:
{'downloader/request_bytes': 1290,
 'downloader/request_count': 3,
 'downloader/request_method_count/GET': 1,
 'downloader/request_method_count/POST': 2,
 'downloader/response_bytes': 2168,
 'downloader/response_count': 3,
 'downloader/response_status_count/200': 3,
 'finish_reason': 'finished',
 'finish_time': datetime.datetime(2018, 5, 15, 15, 9, 30, 902438),
 'log_count/DEBUG': 4,
 'log_count/ERROR': 1,
 'log_count/INFO': 6,
 'request_depth_max': 2,
 'response_received_count': 3,
 'scheduler/dequeued': 3,
 'scheduler/dequeued/memory': 3,
 'scheduler/enqueued': 3,
 'scheduler/enqueued/memory': 3,
 'start_time': datetime.datetime(2018, 5, 15, 15, 9, 30, 321713)}
2018-05-15 15:09:30 [scrapy] INFO: Spider closed (finished)
