2018-05-15 15:46:06 [scrapy] DEBUG: Crawled (200) <GET http://example.com> (referer: None)
2018-05-15 15:46:06 [scrapy] DEBUG: Crawled (200) <POST https://englandhandball.azolve.com/Account.mvc/SecureWebLogIn> (referer: http://example.com)
2018-05-15 15:46:06 [scrapy] DEBUG: Crawled (200) <POST https://englandhandball.azolve.com/WidgetService.mvc/ExecuteWidgetCommand> (referer: https://englandhandball.azolve.com/Account.mvc/SecureWebLogIn)
2018-05-15 15:46:06 [scrapy] DEBUG: Scraped from <200 https://englandhandball.azolve.com/WidgetService.mvc/ExecuteWidgetCommand>
{'ClubMemberDocId': 227440,
 'CurrentStateId': 14,
 'EmailAddress': u'clement.baudot@gs.com',
 'FirstName': u'Clement',
 'Gender': u'Male',
 'MemberDocId': 227439,
 'MemberStateId': 57,
 'MemberStateName': u'Suspended',
 'Surname': u'Baudot',
 'UserId': 75517}
2018-05-15 15:46:06 [scrapy] DEBUG: Scraped from <200 https://englandhandball.azolve.com/WidgetService.mvc/ExecuteWidgetCommand>
{'ClubMemberDocId': 130272,
 'CurrentStateId': 14,
 'EmailAddress': u'newyortx@gmail.com',
 'FirstName': u'Jordi',
 'Gender': u'Male',
 'MemberDocId': 130271,
 'MemberStateId': 57,
 'MemberStateName': u'Suspended',
 'Surname': u'Cidoncha Parellada',
 'UserId': 37215}
2018-05-15 15:46:06 [scrapy] INFO: Closing spider (finished)
2018-05-15 15:46:06 [scrapy] INFO: Dumping Scrapy stats:
{'downloader/request_bytes': 1383,
 'downloader/request_count': 3,
 'downloader/request_method_count/GET': 1,
 'downloader/request_method_count/POST': 2,
 'downloader/response_bytes': 3131,
 'downloader/response_count': 3,
 'downloader/response_status_count/200': 3,
 'finish_reason': 'finished',
 'finish_time': datetime.datetime(2018, 5, 15, 15, 46, 6, 965732),
 'item_scraped_count': 2,
 'log_count/DEBUG': 6,
 'log_count/INFO': 6,
 'request_depth_max': 2,
 'response_received_count': 3,
 'scheduler/dequeued': 3,
 'scheduler/dequeued/memory': 3,
 'scheduler/enqueued': 3,
 'scheduler/enqueued/memory': 3,
 'start_time': datetime.datetime(2018, 5, 15, 15, 46, 6, 330861)}
2018-05-15 15:46:06 [scrapy] INFO: Spider closed (finished)
