2019-03-17 11:34:30 [scrapy] DEBUG: Redirecting (302) to <GET https://www.hugedomains.com/domain_profile.cfm?d=notneeded&e=com> from <GET http://notneeded.com>
2019-03-17 11:34:30 [scrapy] DEBUG: Crawled (200) <GET https://www.hugedomains.com/domain_profile.cfm?d=notneeded&e=com> (referer: None)
2019-03-17 11:34:30 [scrapy] DEBUG: Scraped from <200 https://www.hugedomains.com/domain_profile.cfm?d=notneeded&e=com>
{'itemHtml': None,
 'itemNameLeague': None,
 'itemTeamId': 'https://www.hugedomains.com/domain_profile.cfm?d=notneeded&e=com'}
2019-03-17 11:34:30 [scrapy] INFO: Closing spider (finished)
2019-03-17 11:34:30 [scrapy] INFO: Dumping Scrapy stats:
{'downloader/request_bytes': 466,
 'downloader/request_count': 2,
 'downloader/request_method_count/GET': 2,
 'downloader/response_bytes': 5484,
 'downloader/response_count': 2,
 'downloader/response_status_count/200': 1,
 'downloader/response_status_count/302': 1,
 'finish_reason': 'finished',
 'finish_time': datetime.datetime(2019, 3, 17, 11, 34, 30, 793030),
 'item_scraped_count': 1,
 'log_count/DEBUG': 3,
 'log_count/INFO': 6,
 'memusage/max': 54939648,
 'memusage/startup': 54939648,
 'response_received_count': 1,
 'scheduler/dequeued': 2,
 'scheduler/dequeued/memory': 2,
 'scheduler/enqueued': 2,
 'scheduler/enqueued/memory': 2,
 'start_time': datetime.datetime(2019, 3, 17, 11, 34, 30, 306160)}
2019-03-17 11:34:30 [scrapy] INFO: Spider closed (finished)
