2019-03-17 11:38:52 [scrapy] DEBUG: Redirecting (301) to <GET https://www.englandhandball.com/league/premier-handball-league> from <GET http://www.englandhandball.com/league/premier-handball-league>
2019-03-17 11:38:53 [scrapy] DEBUG: Crawled (200) <GET https://www.englandhandball.com/league/premier-handball-league> (referer: None)
2019-03-17 11:38:53 [scrapy] DEBUG: Scraped from <200 https://www.englandhandball.com/league/premier-handball-league>
{'itemHtml': u'<div class="table-responsive">\n            <table class="table">\n                <tbody>\n                    <tr class="key">\n                        <td>Pos</td>\n                        <td>Team</td>\n                        <td>PTS</td>\n                        <td>P</td>\n                        <td>W</td>\n                        <td>D</td>\n                        <td>L</td>\n                        <td>GF</td>\n                        <td>GA</td>\n                        <td>GD</td>\n                    </tr>\n                                        <tr class="list">\n                        <td>1</td>\n                        <td><a href="/team/olympia-1">Olympia</a></td>\n                        <td>31</td>\n                        <td>11</td>\n                        <td>9</td>\n                        <td>2</td>\n                        <td>0</td>\n                        <td>323</td>\n                        <td>213</td>\n                        <td>110</td>\n                    </tr>\n                                        <tr class="list">\n                        <td>2</td>\n                        <td><a href="/team/london-gd">London GD</a></td>\n                        <td>24</td>\n                        <td>9</td>\n                        <td>7</td>\n                        <td>1</td>\n                        <td>1</td>\n                        <td>284</td>\n                        <td>170</td>\n                        <td>114</td>\n                    </tr>\n                                        <tr class="list">\n                        <td>3</td>\n                        <td><a href="/team/nem-hawks">NEM Hawks</a></td>\n                        <td>24</td>\n                        <td>10</td>\n                        <td>6</td>\n                        <td>2</td>\n                        <td>2</td>\n                        <td>288</td>\n                        <td>200</td>\n                        <td>88</td>\n                    </tr>\n                                        <tr class="list">\n                        <td>4</td>\n                        <td><a href="/team/west-london-eagles-2">West London Eagles</a></td>\n                        <td>24</td>\n                        <td>11</td>\n                        <td>6</td>\n                        <td>1</td>\n                        <td>4</td>\n                        <td>267</td>\n                        <td>230</td>\n                        <td>37</td>\n                    </tr>\n                                        <tr class="list">\n                        <td>5</td>\n                        <td><a href="/team/london-angels">London Angels</a></td>\n                        <td>23</td>\n                        <td>11</td>\n                        <td>6</td>\n                        <td>0</td>\n                        <td>5</td>\n                        <td>266</td>\n                        <td>259</td>\n                        <td>7</td>\n                    </tr>\n                                        <tr class="list">\n                        <td>6</td>\n                        <td><a href="/team/reading-lionesses">Reading Lionesses</a></td>\n                        <td>15</td>\n                        <td>10</td>\n                        <td>2</td>\n                        <td>1</td>\n                        <td>7</td>\n                        <td>218</td>\n                        <td>274</td>\n                        <td>-56</td>\n                    </tr>\n                                        <tr class="list">\n                        <td>7</td>\n                        <td><a href="/team/peninsula-1">Peninsula</a></td>\n                        <td>14</td>\n                        <td>11</td>\n                        <td>1</td>\n                        <td>1</td>\n                        <td>9</td>\n                        <td>200</td>\n                        <td>304</td>\n                        <td>-104</td>\n                    </tr>\n                                        <tr class="list">\n                        <td>8</td>\n                        <td><a href="/team/university-of-loughborough-1">University of Loughborough</a></td>\n                        <td>12</td>\n                        <td>11</td>\n                        <td>1</td>\n                        <td>0</td>\n                        <td>10</td>\n                        <td>117</td>\n                        <td>313</td>\n                        <td>-196</td>\n                    </tr>\n                                    </tbody>\n            </table>\n        </div>',
 'itemNameLeague': u"<p>Women's Premier Handball League Table</p>",
 'itemTeamId': 'https://www.englandhandball.com/league/premier-handball-league'}
2019-03-17 11:38:53 [scrapy] INFO: Closing spider (finished)
2019-03-17 11:38:53 [scrapy] INFO: Dumping Scrapy stats:
{'downloader/request_bytes': 504,
 'downloader/request_count': 2,
 'downloader/request_method_count/GET': 2,
 'downloader/response_bytes': 14564,
 'downloader/response_count': 2,
 'downloader/response_status_count/200': 1,
 'downloader/response_status_count/301': 1,
 'finish_reason': 'finished',
 'finish_time': datetime.datetime(2019, 3, 17, 11, 38, 53, 282685),
 'item_scraped_count': 1,
 'log_count/DEBUG': 3,
 'log_count/INFO': 6,
 'memusage/max': 61644800,
 'memusage/startup': 61644800,
 'response_received_count': 1,
 'scheduler/dequeued': 2,
 'scheduler/dequeued/memory': 2,
 'scheduler/enqueued': 2,
 'scheduler/enqueued/memory': 2,
 'start_time': datetime.datetime(2019, 3, 17, 11, 38, 52, 179746)}
2019-03-17 11:38:53 [scrapy] INFO: Spider closed (finished)
