2019-03-17 11:47:16 [scrapy] DEBUG: Redirecting (301) to <GET https://www.englandhandball.com/league/premier-handball-league> from <GET http://www.englandhandball.com/league/premier-handball-league>
2019-03-17 11:47:18 [scrapy] DEBUG: Crawled (200) <GET https://www.englandhandball.com/league/premier-handball-league> (referer: None)
2019-03-17 11:47:18 [scrapy] DEBUG: Scraped from <200 https://www.englandhandball.com/league/premier-handball-league>
{'itemHtml': u'<div class="table-responsive">\n            <table class="table">\n                <tbody>\n                    <tr class="key">\n                        <td>Pos</td>\n                        <td>Team</td>\n                        <td>PTS</td>\n                        <td>P</td>\n                        <td>W</td>\n                        <td>D</td>\n                        <td>L</td>\n                        <td>GF</td>\n                        <td>GA</td>\n                        <td>GD</td>\n                    </tr>\n                                        <tr class="list">\n                        <td>1</td>\n                        <td><a href="/team/london-gd-1">London GD</a></td>\n                        <td>25</td>\n                        <td>10</td>\n                        <td>7</td>\n                        <td>1</td>\n                        <td>2</td>\n                        <td>282</td>\n                        <td>233</td>\n                        <td>49</td>\n                    </tr>\n                                        <tr class="list">\n                        <td>2</td>\n                        <td><a href="/team/olympia">Olympia</a></td>\n                        <td>25</td>\n                        <td>11</td>\n                        <td>7</td>\n                        <td>0</td>\n                        <td>4</td>\n                        <td>290</td>\n                        <td>277</td>\n                        <td>13</td>\n                    </tr>\n                                        <tr class="list">\n                        <td>3</td>\n                        <td><a href="/team/nem-hawks-1">NEM Hawks</a></td>\n                        <td>22</td>\n                        <td>9</td>\n                        <td>6</td>\n                        <td>1</td>\n                        <td>2</td>\n                        <td>270</td>\n                        <td>237</td>\n                        <td>33</td>\n                    </tr>\n                                        <tr class="list">\n                        <td>4</td>\n                        <td><a href="/team/warrington-wolves">Warrington Wolves</a></td>\n                        <td>22</td>\n                        <td>10</td>\n                        <td>6</td>\n                        <td>0</td>\n                        <td>4</td>\n                        <td>300</td>\n                        <td>290</td>\n                        <td>10</td>\n                    </tr>\n                                        <tr class="list">\n                        <td>5</td>\n                        <td><a href="/team/west-london-eagles-3">West London Eagles</a></td>\n                        <td>18</td>\n                        <td>10</td>\n                        <td>3</td>\n                        <td>2</td>\n                        <td>5</td>\n                        <td>235</td>\n                        <td>240</td>\n                        <td>-5</td>\n                    </tr>\n                                        <tr class="list">\n                        <td>6</td>\n                        <td><a href="/team/cambridge-1">Cambridge</a></td>\n                        <td>18</td>\n                        <td>10</td>\n                        <td>4</td>\n                        <td>0</td>\n                        <td>6</td>\n                        <td>271</td>\n                        <td>292</td>\n                        <td>-21</td>\n                    </tr>\n                                        <tr class="list">\n                        <td>7</td>\n                        <td><a href="/team/nottingham">Nottingham</a></td>\n                        <td>17</td>\n                        <td>11</td>\n                        <td>2</td>\n                        <td>2</td>\n                        <td>7</td>\n                        <td>307</td>\n                        <td>331</td>\n                        <td>-24</td>\n                    </tr>\n                                        <tr class="list">\n                        <td>8</td>\n                        <td><a href="/team/brighton-seahawks">Brighton Seahawks</a></td>\n                        <td>13</td>\n                        <td>9</td>\n                        <td>2</td>\n                        <td>0</td>\n                        <td>7</td>\n                        <td>218</td>\n                        <td>273</td>\n                        <td>-55</td>\n                    </tr>\n                                    </tbody>\n            </table>\n        </div>',
 'itemNameLeague': u"<p>Men's Premier Handball League Table</p>",
 'itemTeamId': u'5c6b2fe800443f3db1b4e73c'}
2019-03-17 11:47:18 [scrapy] INFO: Closing spider (finished)
2019-03-17 11:47:18 [scrapy] INFO: Dumping Scrapy stats:
{'downloader/request_bytes': 504,
 'downloader/request_count': 2,
 'downloader/request_method_count/GET': 2,
 'downloader/response_bytes': 14564,
 'downloader/response_count': 2,
 'downloader/response_status_count/200': 1,
 'downloader/response_status_count/301': 1,
 'finish_reason': 'finished',
 'finish_time': datetime.datetime(2019, 3, 17, 11, 47, 18, 395548),
 'item_scraped_count': 1,
 'log_count/DEBUG': 3,
 'log_count/INFO': 6,
 'memusage/max': 60456960,
 'memusage/startup': 60456960,
 'response_received_count': 1,
 'scheduler/dequeued': 2,
 'scheduler/dequeued/memory': 2,
 'scheduler/enqueued': 2,
 'scheduler/enqueued/memory': 2,
 'start_time': datetime.datetime(2019, 3, 17, 11, 47, 16, 709982)}
2019-03-17 11:47:18 [scrapy] INFO: Spider closed (finished)
