2019-03-03 13:11:40 [scrapy] DEBUG: Redirecting (301) to <GET https://www.englandhandball.com/league/premier-handball-league> from <GET http://www.englandhandball.com/league/premier-handball-league>
2019-03-03 13:11:41 [scrapy] DEBUG: Crawled (200) <GET https://www.englandhandball.com/league/premier-handball-league> (referer: None)
2019-03-03 13:11:41 [scrapy] DEBUG: Scraped from <200 https://www.englandhandball.com/league/premier-handball-league>
{'itemHtml': u'<div class="table-responsive">\n            <table class="table">\n                <tbody>\n                    <tr class="key">\n                        <td>Pos</td>\n                        <td>Team</td>\n                        <td>PTS</td>\n                        <td>P</td>\n                        <td>W</td>\n                        <td>D</td>\n                        <td>L</td>\n                        <td>GF</td>\n                        <td>GA</td>\n                        <td>GD</td>\n                    </tr>\n                                        <tr class="list">\n                        <td>1</td>\n                        <td><a href="/team/olympia-1">Olympia</a></td>\n                        <td>28</td>\n                        <td>10</td>\n                        <td>8</td>\n                        <td>2</td>\n                        <td>0</td>\n                        <td>288</td>\n                        <td>198</td>\n                        <td>90</td>\n                    </tr>\n                                        <tr class="list">\n                        <td>2</td>\n                        <td><a href="/team/london-gd">London GD</a></td>\n                        <td>24</td>\n                        <td>9</td>\n                        <td>7</td>\n                        <td>1</td>\n                        <td>1</td>\n                        <td>284</td>\n                        <td>170</td>\n                        <td>114</td>\n                    </tr>\n                                        <tr class="list">\n                        <td>3</td>\n                        <td><a href="/team/london-angels">London Angels</a></td>\n                        <td>22</td>\n                        <td>10</td>\n                        <td>6</td>\n                        <td>0</td>\n                        <td>4</td>\n                        <td>251</td>\n                        <td>224</td>\n                        <td>27</td>\n                    </tr>\n                                        <tr class="list">\n                        <td>4</td>\n                        <td><a href="/team/nem-hawks">NEM Hawks</a></td>\n                        <td>21</td>\n                        <td>9</td>\n                        <td>5</td>\n                        <td>2</td>\n                        <td>2</td>\n                        <td>253</td>\n                        <td>181</td>\n                        <td>72</td>\n                    </tr>\n                                        <tr class="list">\n                        <td>5</td>\n                        <td><a href="/team/west-london-eagles-2">West London Eagles</a></td>\n                        <td>21</td>\n                        <td>10</td>\n                        <td>5</td>\n                        <td>1</td>\n                        <td>4</td>\n                        <td>240</td>\n                        <td>226</td>\n                        <td>14</td>\n                    </tr>\n                                        <tr class="list">\n                        <td>6</td>\n                        <td><a href="/team/reading-lionesses">Reading Lionesses</a></td>\n                        <td>15</td>\n                        <td>10</td>\n                        <td>2</td>\n                        <td>1</td>\n                        <td>7</td>\n                        <td>218</td>\n                        <td>274</td>\n                        <td>-56</td>\n                    </tr>\n                                        <tr class="list">\n                        <td>7</td>\n                        <td><a href="/team/peninsula-1">Peninsula</a></td>\n                        <td>13</td>\n                        <td>10</td>\n                        <td>1</td>\n                        <td>1</td>\n                        <td>8</td>\n                        <td>181</td>\n                        <td>269</td>\n                        <td>-88</td>\n                    </tr>\n                                        <tr class="list">\n                        <td>8</td>\n                        <td><a href="/team/university-of-loughborough-1">University of Loughborough</a></td>\n                        <td>11</td>\n                        <td>10</td>\n                        <td>1</td>\n                        <td>0</td>\n                        <td>9</td>\n                        <td>113</td>\n                        <td>286</td>\n                        <td>-173</td>\n                    </tr>\n                                    </tbody>\n            </table>\n        </div>',
 'itemNameLeague': u"<p>Women's Premier Handball League Table</p>",
 'itemTeamId': u'2'}
2019-03-03 13:11:41 [scrapy] INFO: Closing spider (finished)
2019-03-03 13:11:41 [scrapy] INFO: Dumping Scrapy stats:
{'downloader/request_bytes': 504,
 'downloader/request_count': 2,
 'downloader/request_method_count/GET': 2,
 'downloader/response_bytes': 14350,
 'downloader/response_count': 2,
 'downloader/response_status_count/200': 1,
 'downloader/response_status_count/301': 1,
 'finish_reason': 'finished',
 'finish_time': datetime.datetime(2019, 3, 3, 13, 11, 41, 849472),
 'item_scraped_count': 1,
 'log_count/DEBUG': 3,
 'log_count/INFO': 6,
 'memusage/max': 55742464,
 'memusage/startup': 55742464,
 'response_received_count': 1,
 'scheduler/dequeued': 2,
 'scheduler/dequeued/memory': 2,
 'scheduler/enqueued': 2,
 'scheduler/enqueued/memory': 2,
 'start_time': datetime.datetime(2019, 3, 3, 13, 11, 40, 560417)}
2019-03-03 13:11:41 [scrapy] INFO: Spider closed (finished)
