2018-05-15 12:11:02 [scrapy] DEBUG: Crawled (200) <GET http://example.com> (referer: None)
2018-05-15 12:11:02 [scrapy] INFO: Closing spider (finished)
2018-05-15 12:11:02 [scrapy] INFO: Dumping Scrapy stats:
{'downloader/request_bytes': 210,
 'downloader/request_count': 1,
 'downloader/request_method_count/GET': 1,
 'downloader/response_bytes': 936,
 'downloader/response_count': 1,
 'downloader/response_status_count/200': 1,
 'finish_reason': 'finished',
 'finish_time': datetime.datetime(2018, 5, 15, 12, 11, 2, 318865),
 'log_count/DEBUG': 1,
 'log_count/INFO': 6,
 'memusage/max': 54038528,
 'memusage/startup': 54038528,
 'response_received_count': 1,
 'scheduler/dequeued': 1,
 'scheduler/dequeued/memory': 1,
 'scheduler/enqueued': 1,
 'scheduler/enqueued/memory': 1,
 'start_time': datetime.datetime(2018, 5, 15, 12, 11, 2, 48272)}
2018-05-15 12:11:02 [scrapy] INFO: Spider closed (finished)
