2018-05-15 15:16:01 [scrapy] DEBUG: Crawled (200) <GET http://example.com> (referer: None)
2018-05-15 15:16:01 [scrapy] DEBUG: Scraped from <200 http://example.com>
{'name': 'name123', 'price': 'price123'}
2018-05-15 15:16:01 [scrapy] INFO: Closing spider (finished)
2018-05-15 15:16:01 [scrapy] INFO: Dumping Scrapy stats:
{'downloader/request_bytes': 209,
 'downloader/request_count': 1,
 'downloader/request_method_count/GET': 1,
 'downloader/response_bytes': 937,
 'downloader/response_count': 1,
 'downloader/response_status_count/200': 1,
 'finish_reason': 'finished',
 'finish_time': datetime.datetime(2018, 5, 15, 15, 16, 1, 895618),
 'item_scraped_count': 1,
 'log_count/DEBUG': 3,
 'log_count/INFO': 6,
 'response_received_count': 1,
 'scheduler/dequeued': 1,
 'scheduler/dequeued/memory': 1,
 'scheduler/enqueued': 1,
 'scheduler/enqueued/memory': 1,
 'start_time': datetime.datetime(2018, 5, 15, 15, 16, 1, 643909)}
2018-05-15 15:16:01 [scrapy] INFO: Spider closed (finished)
