2018-05-18 18:48:09 [scrapy] DEBUG: Crawled (200) <GET http://example.com> (referer: None)
2018-05-18 18:48:09 [scrapy] DEBUG: Crawled (200) <POST https://englandhandball.azolve.com/Account.mvc/SecureWebLogIn> (referer: http://example.com)
2018-05-18 18:48:09 [scrapy] DEBUG: Crawled (200) <POST https://englandhandball.azolve.com/WidgetService.mvc/ExecuteWidgetCommand> (referer: https://englandhandball.azolve.com/Account.mvc/SecureWebLogIn)
2018-05-18 18:48:09 [scrapy] ERROR: Spider error processing <POST https://englandhandball.azolve.com/WidgetService.mvc/ExecuteWidgetCommand> (referer: https://englandhandball.azolve.com/Account.mvc/SecureWebLogIn)
Traceback (most recent call last):
  File "/usr/local/lib/python2.7/dist-packages/twisted/internet/defer.py", line 653, in _runCallbacks
    current.result = callback(current.result, *args, **kw)
  File "/scrapyrt/project/matchreport/spiders/ehazolve.py", line 47, in loginAzolveStep3
    for member in jsonresponse[0]["Result"]["clubMembers"]:
TypeError: 'NoneType' object has no attribute '__getitem__'
2018-05-18 18:48:10 [scrapy] INFO: Closing spider (finished)
2018-05-18 18:48:10 [scrapy] INFO: Dumping Scrapy stats:
{'downloader/request_bytes': 1280,
 'downloader/request_count': 3,
 'downloader/request_method_count/GET': 1,
 'downloader/request_method_count/POST': 2,
 'downloader/response_bytes': 2168,
 'downloader/response_count': 3,
 'downloader/response_status_count/200': 3,
 'finish_reason': 'finished',
 'finish_time': datetime.datetime(2018, 5, 18, 18, 48, 10, 70973),
 'log_count/DEBUG': 3,
 'log_count/ERROR': 1,
 'log_count/INFO': 6,
 'memusage/max': 71397376,
 'memusage/startup': 71397376,
 'request_depth_max': 2,
 'response_received_count': 3,
 'scheduler/dequeued': 3,
 'scheduler/dequeued/memory': 3,
 'scheduler/enqueued': 3,
 'scheduler/enqueued/memory': 3,
 'spider_exceptions/TypeError': 1,
 'start_time': datetime.datetime(2018, 5, 18, 18, 48, 9, 388365)}
2018-05-18 18:48:10 [scrapy] INFO: Spider closed (finished)
