2018-04-15 17:32:00 [scrapy] DEBUG: Crawled (404) <GET http://example.com/product/1> (referer: None)
2018-04-15 17:32:00 [scrapy] DEBUG: Ignoring response <404 http://example.com/product/1>: HTTP status code is not handled or not allowed
2018-04-15 17:32:00 [scrapy] INFO: Closing spider (finished)
2018-04-15 17:32:00 [scrapy] INFO: Dumping Scrapy stats:
{'downloader/request_bytes': 218,
 'downloader/request_count': 1,
 'downloader/request_method_count/GET': 1,
 'downloader/response_bytes': 922,
 'downloader/response_count': 1,
 'downloader/response_status_count/404': 1,
 'finish_reason': 'finished',
 'finish_time': datetime.datetime(2018, 4, 15, 17, 32, 0, 685124),
 'log_count/DEBUG': 3,
 'log_count/INFO': 7,
 'response_received_count': 1,
 'scheduler/dequeued': 1,
 'scheduler/dequeued/memory': 1,
 'scheduler/enqueued': 1,
 'scheduler/enqueued/memory': 1,
 'start_time': datetime.datetime(2018, 4, 15, 17, 32, 0, 415049)}
2018-04-15 17:32:00 [scrapy] INFO: Spider closed (finished)
