2019-03-03 12:19:11 [scrapy] DEBUG: Crawled (200) <GET http://example.com> (referer: None)
2019-03-03 12:19:11 [scrapy] DEBUG: Scraped from <200 http://example.com>
{'itemHome': None}
2019-03-03 12:19:11 [scrapy] INFO: Closing spider (finished)
2019-03-03 12:19:11 [scrapy] INFO: Dumping Scrapy stats:
{'downloader/request_bytes': 210,
 'downloader/request_count': 1,
 'downloader/request_method_count/GET': 1,
 'downloader/response_bytes': 929,
 'downloader/response_count': 1,
 'downloader/response_status_count/200': 1,
 'finish_reason': 'finished',
 'finish_time': datetime.datetime(2019, 3, 3, 12, 19, 11, 461279),
 'item_scraped_count': 1,
 'log_count/DEBUG': 2,
 'log_count/INFO': 6,
 'memusage/max': 55668736,
 'memusage/startup': 55668736,
 'response_received_count': 1,
 'scheduler/dequeued': 1,
 'scheduler/dequeued/memory': 1,
 'scheduler/enqueued': 1,
 'scheduler/enqueued/memory': 1,
 'start_time': datetime.datetime(2019, 3, 3, 12, 19, 11, 154798)}
2019-03-03 12:19:11 [scrapy] INFO: Spider closed (finished)
