2019-03-03 11:53:08 [scrapy] DEBUG: Crawled (200) <GET http://example.com> (referer: None)
2019-03-03 11:53:08 [scrapy] ERROR: Spider error processing <GET http://example.com> (referer: None)
Traceback (most recent call last):
  File "/usr/local/lib/python2.7/dist-packages/twisted/internet/defer.py", line 653, in _runCallbacks
    current.result = callback(current.result, *args, **kw)
  File "/scrapyrt/project/gdscraper/spiders/ehamatches.py", line 38, in parse
    if "Regional League South East Tier 1 - women" in leagueName:
TypeError: argument of type 'NoneType' is not iterable
2019-03-03 11:53:08 [scrapy] INFO: Closing spider (finished)
2019-03-03 11:53:08 [scrapy] INFO: Dumping Scrapy stats:
{'downloader/request_bytes': 210,
 'downloader/request_count': 1,
 'downloader/request_method_count/GET': 1,
 'downloader/response_bytes': 929,
 'downloader/response_count': 1,
 'downloader/response_status_count/200': 1,
 'finish_reason': 'finished',
 'finish_time': datetime.datetime(2019, 3, 3, 11, 53, 8, 520553),
 'log_count/DEBUG': 1,
 'log_count/ERROR': 1,
 'log_count/INFO': 8,
 'memusage/max': 55447552,
 'memusage/startup': 55447552,
 'response_received_count': 1,
 'scheduler/dequeued': 1,
 'scheduler/dequeued/memory': 1,
 'scheduler/enqueued': 1,
 'scheduler/enqueued/memory': 1,
 'spider_exceptions/TypeError': 1,
 'start_time': datetime.datetime(2019, 3, 3, 11, 53, 8, 154453)}
2019-03-03 11:53:08 [scrapy] INFO: Spider closed (finished)
