2019-03-03 12:20:35 [scrapy] DEBUG: Redirecting (301) to <GET https://www.englandhandball.com/league/premier-handball-league> from <GET http://www.englandhandball.com/league/premier-handball-league>
2019-03-03 12:20:36 [scrapy] DEBUG: Crawled (200) <GET https://www.englandhandball.com/league/premier-handball-league> (referer: None)
2019-03-03 12:20:36 [scrapy] DEBUG: Scraped from <200 https://www.englandhandball.com/league/premier-handball-league>
{'itemAway': <200 https://www.englandhandball.com/league/premier-handball-league>,
 'itemHome': u'Premier Handball League'}
2019-03-03 12:20:36 [scrapy] INFO: Closing spider (finished)
2019-03-03 12:20:36 [scrapy] INFO: Dumping Scrapy stats:
{'downloader/request_bytes': 504,
 'downloader/request_count': 2,
 'downloader/request_method_count/GET': 2,
 'downloader/response_bytes': 14350,
 'downloader/response_count': 2,
 'downloader/response_status_count/200': 1,
 'downloader/response_status_count/301': 1,
 'finish_reason': 'finished',
 'finish_time': datetime.datetime(2019, 3, 3, 12, 20, 36, 469147),
 'item_scraped_count': 1,
 'log_count/DEBUG': 3,
 'log_count/INFO': 6,
 'memusage/max': 57815040,
 'memusage/startup': 57815040,
 'response_received_count': 1,
 'scheduler/dequeued': 2,
 'scheduler/dequeued/memory': 2,
 'scheduler/enqueued': 2,
 'scheduler/enqueued/memory': 2,
 'start_time': datetime.datetime(2019, 3, 3, 12, 20, 35, 227666)}
2019-03-03 12:20:36 [scrapy] INFO: Spider closed (finished)
