2019-03-03 11:56:32 [scrapy] DEBUG: Crawled (200) <GET http://example.com> (referer: None)
2019-03-03 11:56:32 [scrapy] DEBUG: Scraped from <200 http://example.com>
{'itemHome': None}
2019-03-03 11:56:32 [scrapy] INFO: Closing spider (finished)
2019-03-03 11:56:32 [scrapy] INFO: Dumping Scrapy stats:
{'downloader/request_bytes': 210,
 'downloader/request_count': 1,
 'downloader/request_method_count/GET': 1,
 'downloader/response_bytes': 951,
 'downloader/response_count': 1,
 'downloader/response_status_count/200': 1,
 'finish_reason': 'finished',
 'finish_time': datetime.datetime(2019, 3, 3, 11, 56, 32, 909509),
 'item_scraped_count': 1,
 'log_count/DEBUG': 2,
 'log_count/INFO': 8,
 'memusage/max': 55386112,
 'memusage/startup': 55386112,
 'response_received_count': 1,
 'scheduler/dequeued': 1,
 'scheduler/dequeued/memory': 1,
 'scheduler/enqueued': 1,
 'scheduler/enqueued/memory': 1,
 'start_time': datetime.datetime(2019, 3, 3, 11, 56, 32, 643473)}
2019-03-03 11:56:32 [scrapy] INFO: Spider closed (finished)
