2019-03-17 10:22:34 [scrapy] DEBUG: Crawled (200) <GET http://example.com> (referer: None)
2019-03-17 10:22:34 [scrapy] DEBUG: Crawled (200) <POST https://englandhandball.azolve.com/Account.mvc/SecureWebLogIn> (referer: http://example.com)
2019-03-17 10:22:34 [scrapy] DEBUG: Crawled (200) <POST https://englandhandball.azolve.com/WidgetService.mvc/ExecuteWidgetCommand> (referer: https://englandhandball.azolve.com/Account.mvc/SecureWebLogIn)
2019-03-17 10:22:34 [scrapy] ERROR: Spider error processing <POST https://englandhandball.azolve.com/WidgetService.mvc/ExecuteWidgetCommand> (referer: https://englandhandball.azolve.com/Account.mvc/SecureWebLogIn)
Traceback (most recent call last):
  File "/usr/local/lib/python2.7/dist-packages/twisted/internet/defer.py", line 653, in _runCallbacks
    current.result = callback(current.result, *args, **kw)
  File "/scrapyrt/project/gdscraper/spiders/eha.py", line 48, in loginAzolveStep3
    for member in jsonresponse[0]["Result"]["clubMembers"]:
KeyError: 0
2019-03-17 10:22:34 [scrapy] INFO: Closing spider (finished)
2019-03-17 10:22:34 [scrapy] INFO: Dumping Scrapy stats:
{'downloader/request_bytes': 1560,
 'downloader/request_count': 3,
 'downloader/request_method_count/GET': 1,
 'downloader/request_method_count/POST': 2,
 'downloader/response_bytes': 4129,
 'downloader/response_count': 3,
 'downloader/response_status_count/200': 3,
 'finish_reason': 'finished',
 'finish_time': datetime.datetime(2019, 3, 17, 10, 22, 34, 656785),
 'log_count/DEBUG': 3,
 'log_count/ERROR': 1,
 'log_count/INFO': 6,
 'memusage/max': 77881344,
 'memusage/startup': 77881344,
 'request_depth_max': 2,
 'response_received_count': 3,
 'scheduler/dequeued': 3,
 'scheduler/dequeued/memory': 3,
 'scheduler/enqueued': 3,
 'scheduler/enqueued/memory': 3,
 'spider_exceptions/KeyError': 1,
 'start_time': datetime.datetime(2019, 3, 17, 10, 22, 33, 963581)}
2019-03-17 10:22:34 [scrapy] INFO: Spider closed (finished)
